** Message: environement.vala:58: Exporting primary_variable
** Message: environement.vala:59: desktop_environnement XDG_CURRENT_DESKTOP
** Message: environement.vala:176: custom_config :/etc/xdg/lubuntu:
** Message: environement.vala:177: config_dirs :/etc/xdg/xdg-Lubuntu:/etc/xdg
** Message: environement.vala:178: confir_dirs not null, export : /etc/xdg/lubuntu:/etc/xdg/xdg-Lubuntu:/etc/xdg
** Message: environement.vala:183: Exporting XDG_CONFIG_DIRS
** Message: environement.vala:217: custom_data :/etc/xdg/lubuntu:/usr/local/share:/usr/share:/usr/share/gdm:/var/lib/menu-xdg:
** Message: environement.vala:218: data_dirs :/usr/share/Lubuntu:/usr/local/share/:/usr/share/
** Message: environement.vala:219: data_dirs not null, export : /etc/xdg/lubuntu:/usr/local/share:/usr/share:/usr/share/gdm:/var/lib/menu-xdg:/usr/share/Lubuntu:/usr/local/share/:/usr/share/
** Message: environement.vala:224: Exporting XDG_DATA_DIRS
** Message: utils.vala:68: User config used : /home/pulce/.config/lxsession/Lubuntu/desktop.conf
** Message: utils.vala:89: Final file used : /home/pulce/.config/lxsession/Lubuntu/desktop.conf
** Message: settings.vala:527: Il file chiavi non presenta alcuna chiave "iGtk/ColorScheme" nel gruppo "GTK"
** Message: settings.vala:527: Il file chiavi non presenta alcuna chiave "dock/command" nel gruppo "Session"
** Message: settings.vala:527: Il file chiavi non presenta alcuna chiave "im2/command" nel gruppo "Session"
** Message: settings.vala:527: Il file chiavi non presenta alcuna chiave "widget1/command" nel gruppo "Session"
** Message: settings.vala:527: Il file chiavi non presenta alcuna chiave "notification/command" nel gruppo "Session"
** Message: settings.vala:527: Il file chiavi non presenta alcuna chiave "keybindings/command" nel gruppo "Session"
** Message: settings.vala:527: Il file chiavi non presenta alcuna chiave "message_manager/command" nel gruppo "Session"
** Message: settings.vala:527: Il file chiavi non presenta alcuna chiave "proxy_manager/http" nel gruppo "Session"
** Message: settings.vala:527: Il file chiavi non presenta alcuna chiave "a11y/command" nel gruppo "Session"
** Message: settings.vala:527: Il file chiavi non presenta alcuna chiave "xrandr/command" nel gruppo "Session"
** Message: settings.vala:527: Il file chiavi non presenta alcuna chiave "charmap/command" nel gruppo "Session"
** Message: settings.vala:527: Il file chiavi non presenta alcuna chiave "type" nel gruppo "Updates"
** Message: settings.vala:449: Monitoring: /home/pulce/.config/lxsession/Lubuntu/desktop.conf
** Message: settings.vala:453: Desktop file is already in config home, do nothing
** Message: environement.vala:79: Exporting variable
** Message: environement.vala:80: desktop_environnement XDG_CURRENT_DESKTOP
** Message: environement.vala:176: custom_config :
** Message: environement.vala:177: config_dirs :/etc/xdg/lubuntu:/etc/xdg/xdg-Lubuntu:/etc/xdg
** Message: environement.vala:178: confir_dirs not null, export : /etc/xdg/lubuntu:/etc/xdg/xdg-Lubuntu:/etc/xdg
** Message: environement.vala:183: Exporting XDG_CONFIG_DIRS
** Message: environement.vala:217: custom_data :
** Message: environement.vala:218: data_dirs :/etc/xdg/lubuntu:/usr/local/share:/usr/share:/usr/share/gdm:/var/lib/menu-xdg:/usr/share/Lubuntu:/usr/local/share/:/usr/share/
** Message: environement.vala:219: data_dirs not null, export : /etc/xdg/lubuntu:/usr/local/share:/usr/share:/usr/share/gdm:/var/lib/menu-xdg:/usr/share/Lubuntu:/usr/local/share/:/usr/share/
** Message: environement.vala:224: Exporting XDG_DATA_DIRS
** Message: utils.vala:79: Config system location : /etc/xdg/xdg-Lubuntu/lxsession/Lubuntu
** Message: utils.vala:79: Config system location : /etc/xdg/lxsession/Lubuntu
** Message: utils.vala:85: System system path location : /etc/xdg/lxsession/Lubuntu/conffiles.conf
** Message: utils.vala:89: Final file used : /etc/xdg/lxsession/Lubuntu/conffiles.conf
xprop:  no such property "_NET_NUMBER_OF_DESKTOPS"
xprop:  no such property "_NET_DESKTOP_NAMES"
** Message: options.vala:164: Activate xsettings_manager build-in
** Message: utils.vala:68: User config used : /home/pulce/.config/lxsession/Lubuntu/desktop.conf
** Message: utils.vala:89: Final file used : /home/pulce/.config/lxsession/Lubuntu/desktop.conf
** Message: app.vala:76: Launching lxpanel 
** Message: app.vala:76: Launching xfce4-power-manager 
** Message: app.vala:76: Launching pcmanfm 
** Message: app.vala:717: polkit separate
** Message: app.vala:717: polkit separate
** Message: utils.vala:68: User config used : /home/pulce/.config/lxsession/Lubuntu/autostart
** Message: utils.vala:89: Final file used : /home/pulce/.config/lxsession/Lubuntu/autostart
** Message: autostart.vala:42: Autostart path : /home/pulce/.config/lxsession/Lubuntu/autostart
** Message: options.vala:107: Create build-in Clipboard
** Message: main.vala:429: Check keymap_mode system
** Message: main.vala:432: Create Option Keymap
** Message: app.vala:76: Launching /usr/bin/ssh-agent 
SSH_AUTH_SOCK=/tmp/ssh-fv9E0WoEJ6uO/agent.831; export SSH_AUTH_SOCK;
SSH_AGENT_PID=841; export SSH_AGENT_PID;
echo Agent pid 841;

** (light-locker:840): WARNING **: Error retrieving accessibility bus address: org.freedesktop.DBus.Error.ServiceUnknown: The name org.a11y.Bus was not provided by any .service files
** Message: app.vala:130: xfce4-power-manager exit with this type of exit: 0
** Message: app.vala:139: Exit normal, don't reload
** Message: app.vala:130: /usr/bin/ssh-agent exit with this type of exit: 0

** (update-notifier:835): WARNING **: Error retrieving accessibility bus address: org.freedesktop.DBus.Error.ServiceUnknown: The name org.a11y.Bus was not provided by any .service files

** (nm-applet:838): WARNING **: Error retrieving accessibility bus address: org.freedesktop.DBus.Error.ServiceUnknown: The name org.a11y.Bus was not provided by any .service files
Openbox-Message: La chiave "XF86Terminal" non esiste sullo schermo

** (pcmanfm:829): WARNING **: terminal lxsession-default-terminal isn't known, consider report it to LibFM developers

** (lxpanel:826): WARNING **: terminal lxsession-default-terminal isn't known, consider report it to LibFM developers
nm-applet-Message: using fallback from indicator to GtkStatusIcon
nm-applet-Message: moving back from GtkStatusIcon to indicator

(lxpanel:826): Wnck-WARNING **: Unhandled action type _OB_WM_ACTION_UNDECORATE

(lxpanel:826): Wnck-WARNING **: Unhandled action type _OB_WM_ACTION_UNDECORATE
nm-applet-Message: No keyring secrets found for pyconsette/802-11-wireless-security; asking user.
Gtk-Message: GtkDialog mapped without a transient parent. This is discouraged.

(lxpanel:826): Wnck-WARNING **: Unhandled action type _OB_WM_ACTION_UNDECORATE

(lxpanel:826): Wnck-WARNING **: Unhandled action type _OB_WM_ACTION_UNDECORATE

(lxpanel:826): Wnck-WARNING **: Unhandled action type _OB_WM_ACTION_UNDECORATE

(lxpanel:826): Wnck-WARNING **: Unhandled action type _OB_WM_ACTION_UNDECORATE

(lxpanel:826): Wnck-WARNING **: Unhandled action type _OB_WM_ACTION_UNDECORATE

(lxpanel:826): Wnck-WARNING **: Unhandled action type _OB_WM_ACTION_UNDECORATE

(lxpanel:826): Wnck-WARNING **: Unhandled action type _OB_WM_ACTION_UNDECORATE
Performance warning: Async animation disabled because frame size (13288, 238) is bigger than the viewport (1152, 620) or the visual rectangle (13288, 238) is larger than the max allowable value (17895698) [div]

(lxpanel:826): Wnck-WARNING **: Unhandled action type _OB_WM_ACTION_UNDECORATE
1460877583565	addons.update-checker	WARN	Update manifest for {972ce4c6-7e08-4474-a285-3208198ce6fd} did not contain an updates property
1460877583987	addons.update-checker	WARN	Update manifest for ubufox@ubuntu.com did not contain an updates property
1460877594785	addons.xpi	ERROR	Attempted to load bootstrap scope from missing directory /home/pulce/.mozilla/firefox/fyw0u6hv.default/extensions/firefox-hotfix@mozilla.org.xpi
1460877594787	addons.xpi	WARN	Add-on firefox-hotfix@mozilla.org is missing bootstrap method shutdown
1460877594809	addons.manager	WARN	Exception calling callback: [Exception... "Component returned failure code: 0x80520006 (NS_ERROR_FILE_TARGET_DOES_NOT_EXIST) [nsIFile.isDirectory]"  nsresult: "0x80520006 (NS_ERROR_FILE_TARGET_DOES_NOT_EXIST)"  location: "JS frame :: resource://gre/modules/addons/XPIProvider.jsm :: getURIForResourceInFile :: line 1510"  data: no] Stack trace: getURIForResourceInFile()@resource://gre/modules/addons/XPIProvider.jsm:1510 < this.XPIProvider.callBootstrapMethod()@resource://gre/modules/addons/XPIProvider.jsm:4669 < this.XPIProvider.uninstallAddon()@resource://gre/modules/addons/XPIProvider.jsm:4922 < AddonWrapper.prototype.uninstall()@resource://gre/modules/addons/XPIProvider.jsm:7129 < uninstallHotfix/<()@resource://gre/modules/addons/XPIProvider.jsm -> jar:file:///home/pulce/.mozilla/firefox/fyw0u6hv.default/extensions/firefox-hotfix@mozilla.org.xpi!/bootstrap.js:78 < safeCall()@resource://gre/modules/AddonManager.jsm:179 < makeSafe/<()@resource://gre/modules/AddonManager.jsm:195 < Handler.prototype.process()@resource://gre/modules/Promise.jsm -> resource://gre/modules/Promise-backend.js:933 < this.PromiseWalker.walkerLoop()@resource://gre/modules/Promise.jsm -> resource://gre/modules/Promise-backend.js:812 < this.PromiseWalker.scheduleWalkerLoop/<()@resource://gre/modules/Promise.jsm -> resource://gre/modules/Promise-backend.js:746

** (gdebi-gtk:1280): WARNING **: Error retrieving accessibility bus address: org.freedesktop.DBus.Error.ServiceUnknown: The name org.a11y.Bus was not provided by any .service files

(lxpanel:826): Wnck-WARNING **: Unhandled action type _OB_WM_ACTION_UNDECORATE

(lxpanel:826): Wnck-WARNING **: Unhandled action type _OB_WM_ACTION_UNDECORATE

(lxpanel:826): Wnck-WARNING **: Unhandled action type _OB_WM_ACTION_UNDECORATE

(lxpanel:826): Wnck-WARNING **: Unhandled action type _OB_WM_ACTION_UNDECORATE

(lxpanel:826): Wnck-WARNING **: Unhandled action type _OB_WM_ACTION_UNDECORATE

(lxpanel:826): Wnck-WARNING **: Unhandled action type _OB_WM_ACTION_UNDECORATE
tasks

Launching tasks application
** Message: app.vala:76: Launching lxtask 

(lxpanel:826): Wnck-WARNING **: Unhandled action type _OB_WM_ACTION_UNDECORATE

(lxpanel:826): Wnck-WARNING **: Unhandled action type _OB_WM_ACTION_UNDECORATE
** Message: app.vala:130: lxtask exit with this type of exit: 0

** (lxpanel:826): WARNING **: lxpanel : X error: BadWindow (invalid Window parameter)

(lxpanel:826): Wnck-WARNING **: Unhandled action type _OB_WM_ACTION_UNDECORATE

** (lxpanel:826): WARNING **: lxpanel : X error: BadWindow (invalid Window parameter)

(lxpanel:826): Wnck-WARNING **: Unhandled action type _OB_WM_ACTION_UNDECORATE

(lxpanel:826): Wnck-WARNING **: Unhandled action type _OB_WM_ACTION_UNDECORATE

(lxpanel:826): Wnck-WARNING **: Unhandled action type _OB_WM_ACTION_UNDECORATE

** (lxpanel:826): WARNING **: lxpanel : X error: BadWindow (invalid Window parameter)

(lxpanel:826): Wnck-WARNING **: Unhandled action type _OB_WM_ACTION_UNDECORATE

** (lxpanel:826): WARNING **: lxpanel : X error: BadWindow (invalid Window parameter)

(lxpanel:826): Wnck-WARNING **: Unhandled action type _OB_WM_ACTION_UNDECORATE
Openbox-Message: La chiave "XF86Terminal" non esiste sullo schermo

(lxpanel:826): Wnck-WARNING **: Unhandled action type _OB_WM_ACTION_UNDECORATE

(lxpanel:826): Wnck-WARNING **: Unhandled action type _OB_WM_ACTION_UNDECORATE

** (lxpanel:826): WARNING **: lxpanel : X error: BadWindow (invalid Window parameter)

(lxpanel:826): Wnck-WARNING **: Unhandled action type _OB_WM_ACTION_UNDECORATE

(lxpanel:826): Wnck-WARNING **: Unhandled action type _OB_WM_ACTION_UNDECORATE

(lxpanel:826): Wnck-WARNING **: Unhandled action type _OB_WM_ACTION_UNDECORATE

(lxpanel:826): Wnck-WARNING **: Unhandled action type _OB_WM_ACTION_UNDECORATE

(lxpanel:826): Wnck-WARNING **: Unhandled action type _OB_WM_ACTION_UNDECORATE

(lxpanel:826): Wnck-WARNING **: Unhandled action type _OB_WM_ACTION_UNDECORATE

** (lxpanel:826): WARNING **: lxpanel : X error: BadWindow (invalid Window parameter)

(lxpanel:826): Wnck-WARNING **: Unhandled action type _OB_WM_ACTION_UNDECORATE
